<?xml version="1.0" encoding="UTF-8"?>
<testsuite name="com.union.usermanagement.validator.UserValidatorTest" tests="1" skipped="0" failures="0" errors="0" timestamp="2023-06-20T16:37:36" hostname="DESKTOP-8BMEV1F" time="0.002">
  <properties/>
  <testcase name="testValidate" classname="com.union.usermanagement.validator.UserValidatorTest" time="0.002"/>
  <system-out><![CDATA[2023-06-20T22:07:36.489+05:30  INFO 20924 --- [    Test worker] t.c.s.AnnotationConfigContextLoaderUtils : Could not detect default configuration classes for test class [com.union.usermanagement.validator.UserValidatorTest]: UserValidatorTest does not declare any static, non-private, non-final, nested classes annotated with @Configuration.
]]></system-out>
  <system-err><![CDATA[]]></system-err>
</testsuite>
