<?xml version="1.0" encoding="UTF-8"?>
<testsuite name="com.union.usermanagement.exceptionhandler.UserExceptionHandlerTest" tests="2" skipped="0" failures="0" errors="0" timestamp="2023-06-20T16:37:35" hostname="DESKTOP-8BMEV1F" time="0.008">
  <properties/>
  <testcase name="testMyException" classname="com.union.usermanagement.exceptionhandler.UserExceptionHandlerTest" time="0.003"/>
  <testcase name="testUserExceptionHandler" classname="com.union.usermanagement.exceptionhandler.UserExceptionHandlerTest" time="0.003"/>
  <system-out><![CDATA[2023-06-20T22:07:35.191+05:30  INFO 20924 --- [    Test worker] t.c.s.AnnotationConfigContextLoaderUtils : Could not detect default configuration classes for test class [com.union.usermanagement.exceptionhandler.UserExceptionHandlerTest]: UserExceptionHandlerTest does not declare any static, non-private, non-final, nested classes annotated with @Configuration.
]]></system-out>
  <system-err><![CDATA[]]></system-err>
</testsuite>
