<?xml version="1.0" encoding="UTF-8"?>
<testsuite name="com.union.usermanagement.service.UserManagementServiceTest" tests="9" skipped="0" failures="0" errors="0" timestamp="2023-06-20T16:37:36" hostname="DESKTOP-8BMEV1F" time="0.063">
  <properties/>
  <testcase name="testSaveUser" classname="com.union.usermanagement.service.UserManagementServiceTest" time="0.009"/>
  <testcase name="testGetUserNoData" classname="com.union.usermanagement.service.UserManagementServiceTest" time="0.005"/>
  <testcase name="testDeleteUserNoData" classname="com.union.usermanagement.service.UserManagementServiceTest" time="0.005"/>
  <testcase name="testUpdateUser" classname="com.union.usermanagement.service.UserManagementServiceTest" time="0.005"/>
  <testcase name="testUpdateUserNoData" classname="com.union.usermanagement.service.UserManagementServiceTest" time="0.003"/>
  <testcase name="testGetUser" classname="com.union.usermanagement.service.UserManagementServiceTest" time="0.003"/>
  <testcase name="testSaveUserError" classname="com.union.usermanagement.service.UserManagementServiceTest" time="0.005"/>
  <testcase name="testDeleteUser" classname="com.union.usermanagement.service.UserManagementServiceTest" time="0.005"/>
  <testcase name="testUpdateUserError" classname="com.union.usermanagement.service.UserManagementServiceTest" time="0.003"/>
  <system-out><![CDATA[2023-06-20T22:07:36.241+05:30  INFO 20924 --- [    Test worker] t.c.s.AnnotationConfigContextLoaderUtils : Could not detect default configuration classes for test class [com.union.usermanagement.service.UserManagementServiceTest]: UserManagementServiceTest does not declare any static, non-private, non-final, nested classes annotated with @Configuration.
]]></system-out>
  <system-err><![CDATA[]]></system-err>
</testsuite>
