<?xml version="1.0" encoding="UTF-8"?>
<testsuite name="com.union.usermanagement.controller.UserManagementControllerTest" tests="9" skipped="0" failures="0" errors="0" timestamp="2023-06-20T16:37:35" hostname="DESKTOP-8BMEV1F" time="0.154">
  <properties/>
  <testcase name="testSaveUser" classname="com.union.usermanagement.controller.UserManagementControllerTest" time="0.09"/>
  <testcase name="testUpdateUser" classname="com.union.usermanagement.controller.UserManagementControllerTest" time="0.007"/>
  <testcase name="testGetUser" classname="com.union.usermanagement.controller.UserManagementControllerTest" time="0.008"/>
  <testcase name="testUpdateUserEx" classname="com.union.usermanagement.controller.UserManagementControllerTest" time="0.008"/>
  <testcase name="testDeleteUserEx" classname="com.union.usermanagement.controller.UserManagementControllerTest" time="0.004"/>
  <testcase name="testSaveUserEx" classname="com.union.usermanagement.controller.UserManagementControllerTest" time="0.004"/>
  <testcase name="testUpdateUserNoDataEx" classname="com.union.usermanagement.controller.UserManagementControllerTest" time="0.003"/>
  <testcase name="testDeleteUser" classname="com.union.usermanagement.controller.UserManagementControllerTest" time="0.005"/>
  <testcase name="testGetUserEx" classname="com.union.usermanagement.controller.UserManagementControllerTest" time="0.003"/>
  <system-out><![CDATA[2023-06-20T22:07:34.430+05:30  INFO 20924 --- [    Test worker] t.c.s.AnnotationConfigContextLoaderUtils : Could not detect default configuration classes for test class [com.union.usermanagement.controller.UserManagementControllerTest]: UserManagementControllerTest does not declare any static, non-private, non-final, nested classes annotated with @Configuration.
2023-06-20T22:07:35.091+05:30  INFO 20924 --- [    Test worker] c.u.u.c.UserManagementController         : Inside saveUser controller
2023-06-20T22:07:35.101+05:30  INFO 20924 --- [    Test worker] c.u.u.c.UserManagementController         : Save User method completed successfully took 10 ms
2023-06-20T22:07:35.127+05:30  INFO 20924 --- [    Test worker] c.u.u.c.UserManagementController         : Inside update user controller
2023-06-20T22:07:35.128+05:30  INFO 20924 --- [    Test worker] c.u.u.c.UserManagementController         : Update User method completed successfully took 0 ms
2023-06-20T22:07:35.140+05:30  INFO 20924 --- [    Test worker] c.u.u.c.UserManagementController         : Inside get user controller
2023-06-20T22:07:35.142+05:30  INFO 20924 --- [    Test worker] c.u.u.c.UserManagementController         : Get User by userId method completed successfully took 2 ms
2023-06-20T22:07:35.152+05:30  INFO 20924 --- [    Test worker] c.u.u.c.UserManagementController         : Inside update user controller
2023-06-20T22:07:35.159+05:30  INFO 20924 --- [    Test worker] c.u.u.c.UserManagementController         : Inside delete user controller
2023-06-20T22:07:35.166+05:30  INFO 20924 --- [    Test worker] c.u.u.c.UserManagementController         : Inside saveUser controller
2023-06-20T22:07:35.172+05:30  INFO 20924 --- [    Test worker] c.u.u.c.UserManagementController         : Inside update user controller
2023-06-20T22:07:35.178+05:30  INFO 20924 --- [    Test worker] c.u.u.c.UserManagementController         : Inside delete user controller
2023-06-20T22:07:35.179+05:30  INFO 20924 --- [    Test worker] c.u.u.c.UserManagementController         : Delete User by userId method completed successfully took 0 ms
2023-06-20T22:07:35.184+05:30  INFO 20924 --- [    Test worker] c.u.u.c.UserManagementController         : Inside get user controller
]]></system-out>
  <system-err><![CDATA[]]></system-err>
</testsuite>
