<?xml version="1.0" encoding="UTF-8"?>
<testsuite name="com.union.usermanagement.mapper.UserMapperTest" tests="1" skipped="0" failures="0" errors="0" timestamp="2023-06-20T16:37:35" hostname="DESKTOP-8BMEV1F" time="1.02">
  <properties/>
  <testcase name="testUserMapper" classname="com.union.usermanagement.mapper.UserMapperTest" time="1.02"/>
  <system-out><![CDATA[2023-06-20T22:07:35.212+05:30  INFO 20924 --- [    Test worker] t.c.s.AnnotationConfigContextLoaderUtils : Could not detect default configuration classes for test class [com.union.usermanagement.mapper.UserMapperTest]: UserMapperTest does not declare any static, non-private, non-final, nested classes annotated with @Configuration.
]]></system-out>
  <system-err><![CDATA[]]></system-err>
</testsuite>
